<?xml version="1.0" encoding="UTF-8"?>
<testsuite xmlns:xsi="http://www.w3.org/2001/XMLSchema-instance" xsi:noNamespaceSchemaLocation="https://maven.apache.org/surefire/maven-surefire-plugin/xsd/surefire-test-report-3.0.xsd" version="3.0" name="com.devops.AppTest" time="0.538" tests="7" errors="0" skipped="0" failures="0">
  <properties>
[...]
</properties>
  <testcase name="testAppProperties" classname="com.devops.AppTest" time="0.015"/>
  <testcase name="testHealthHandlerExists" classname="com.devops.AppTest" time="0.032"/>
  <testcase name="testMetricsHandlerExists" classname="com.devops.AppTest" time="0.048"/>
  <testcase name="testAppClassExists" classname="com.devops.AppTest" time="0.205"/>
  <testcase name="testMainMethodExists" classname="com.devops.AppTest" time="0"/>
  <testcase name="testInfoHandlerExists" classname="com.devops.AppTest" time="0.032"/>
  <testcase name="testRootHandlerExists" classname="com.devops.AppTest" time="0.047"/>
</testsuite>